<?xml version="1.0" encoding="UTF-8"?>
<testsuite name="dominio.unitaria.VendedorTest" tests="2" skipped="0" failures="0" errors="0" timestamp="2019-03-03T05:29:39" hostname="MSI-GV62-W10PRO" time="0.108">
  <properties/>
  <testcase name="productoNoTieneGarantiaTest" classname="dominio.unitaria.VendedorTest" time="0.107"/>
  <testcase name="productoYaTieneGarantiaTest" classname="dominio.unitaria.VendedorTest" time="0.001"/>
  <system-out><![CDATA[]]></system-out>
  <system-err><![CDATA[]]></system-err>
</testsuite>
